  [1m[35m (0.7ms)[0m  [1m[34mSELECT sqlite_version(*)[0m
  ↳ bin/rails:9
  [1m[35m (1.1ms)[0m  [1m[35mCREATE TABLE "schema_migrations" ("version" varchar NOT NULL PRIMARY KEY)[0m
  ↳ bin/rails:9
  [1m[35m (1.6ms)[0m  [1m[35mCREATE TABLE "ar_internal_metadata" ("key" varchar NOT NULL PRIMARY KEY, "value" varchar, "created_at" datetime NOT NULL, "updated_at" datetime NOT NULL)[0m
  ↳ bin/rails:9
  [1m[35m (0.1ms)[0m  [1m[34mSELECT "schema_migrations"."version" FROM "schema_migrations" ORDER BY "schema_migrations"."version" ASC[0m
  ↳ bin/rails:9
Migrating to CreateCars (20181218200343)
  [1m[35m (0.1ms)[0m  [1m[36mbegin transaction[0m
  ↳ bin/rails:9
  [1m[35m (0.4ms)[0m  [1m[35mCREATE TABLE "cars" ("id" integer PRIMARY KEY AUTOINCREMENT NOT NULL, "make" varchar, "model" varchar, "year" integer, "created_at" datetime NOT NULL, "updated_at" datetime NOT NULL)[0m
  ↳ db/migrate/20181218200343_create_cars.rb:3
  [1m[36mActiveRecord::SchemaMigration Create (0.1ms)[0m  [1m[32mINSERT INTO "schema_migrations" ("version") VALUES (?)[0m  [["version", "20181218200343"]]
  ↳ bin/rails:9
  [1m[35m (0.9ms)[0m  [1m[36mcommit transaction[0m
  ↳ bin/rails:9
  [1m[36mActiveRecord::InternalMetadata Load (0.1ms)[0m  [1m[34mSELECT  "ar_internal_metadata".* FROM "ar_internal_metadata" WHERE "ar_internal_metadata"."key" = ? LIMIT ?[0m  [["key", "environment"], ["LIMIT", 1]]
  ↳ bin/rails:9
  [1m[35m (0.0ms)[0m  [1m[36mbegin transaction[0m
  ↳ bin/rails:9
  [1m[36mActiveRecord::InternalMetadata Create (0.3ms)[0m  [1m[32mINSERT INTO "ar_internal_metadata" ("key", "value", "created_at", "updated_at") VALUES (?, ?, ?, ?)[0m  [["key", "environment"], ["value", "development"], ["created_at", "2018-12-18 20:03:49.643628"], ["updated_at", "2018-12-18 20:03:49.643628"]]
  ↳ bin/rails:9
  [1m[35m (0.9ms)[0m  [1m[36mcommit transaction[0m
  ↳ bin/rails:9
  [1m[35m (0.1ms)[0m  [1m[34mSELECT "schema_migrations"."version" FROM "schema_migrations" ORDER BY "schema_migrations"."version" ASC[0m
  ↳ bin/rails:9
Started GET "/cars" for 127.0.0.1 at 2018-12-18 15:04:16 -0500
  [1m[35m (0.2ms)[0m  [1m[34mSELECT "schema_migrations"."version" FROM "schema_migrations" ORDER BY "schema_migrations"."version" ASC[0m
  ↳ /Library/Ruby/Gems/2.3.0/gems/activerecord-5.2.2/lib/active_record/log_subscriber.rb:98
Processing by CarsController#index as HTML
  Rendering cars/index.html.erb within layouts/application
  [1m[36mCar Load (0.2ms)[0m  [1m[34mSELECT "cars".* FROM "cars"[0m
  ↳ app/views/cars/index.html.erb:16
  Rendered cars/index.html.erb within layouts/application (4.1ms)
Completed 200 OK in 695ms (Views: 668.3ms | ActiveRecord: 0.5ms)


Started GET "/cars/new" for 127.0.0.1 at 2018-12-18 15:04:19 -0500
Processing by CarsController#new as HTML
  Rendering cars/new.html.erb within layouts/application
  Rendered cars/_form.html.erb (20.2ms)
  Rendered cars/new.html.erb within layouts/application (22.8ms)
Completed 200 OK in 52ms (Views: 42.9ms | ActiveRecord: 0.6ms)


Started POST "/cars" for 127.0.0.1 at 2018-12-18 15:04:29 -0500
Processing by CarsController#create as HTML
  Parameters: {"utf8"=>"✓", "authenticity_token"=>"YtrkvFZ05fkmKnbR7gk3mV8Xk26hhhtRg0HzgI1Tp0DmeUhJZjxen0VwmybNvqLgq6CUmec9Aq9MAVqkVkSWHA==", "car"=>{"make"=>"A", "model"=>"A", "year"=>"1995"}, "commit"=>"Create Car"}
  [1m[35m (0.1ms)[0m  [1m[36mbegin transaction[0m
  ↳ app/controllers/cars_controller.rb:30
  [1m[36mCar Create (0.5ms)[0m  [1m[32mINSERT INTO "cars" ("make", "model", "year", "created_at", "updated_at") VALUES (?, ?, ?, ?, ?)[0m  [["make", "A"], ["model", "A"], ["year", 1995], ["created_at", "2018-12-18 20:04:29.833140"], ["updated_at", "2018-12-18 20:04:29.833140"]]
  ↳ app/controllers/cars_controller.rb:30
  [1m[35m (1.0ms)[0m  [1m[36mcommit transaction[0m
  ↳ app/controllers/cars_controller.rb:30
Redirected to http://localhost:3000/cars/1
Completed 302 Found in 6ms (ActiveRecord: 1.5ms)


Started GET "/cars/1" for 127.0.0.1 at 2018-12-18 15:04:29 -0500
Processing by CarsController#show as HTML
  Parameters: {"id"=>"1"}
  [1m[36mCar Load (0.2ms)[0m  [1m[34mSELECT  "cars".* FROM "cars" WHERE "cars"."id" = ? LIMIT ?[0m  [["id", 1], ["LIMIT", 1]]
  ↳ app/controllers/cars_controller.rb:67
  Rendering cars/show.html.erb within layouts/application
  Rendered cars/show.html.erb within layouts/application (0.7ms)
Completed 200 OK in 26ms (Views: 19.4ms | ActiveRecord: 0.2ms)


Started GET "/cars" for 127.0.0.1 at 2018-12-18 15:04:32 -0500
Processing by CarsController#index as HTML
  Rendering cars/index.html.erb within layouts/application
  [1m[36mCar Load (0.2ms)[0m  [1m[34mSELECT "cars".* FROM "cars"[0m
  ↳ app/views/cars/index.html.erb:16
  Rendered cars/index.html.erb within layouts/application (2.1ms)
Completed 200 OK in 54ms (Views: 50.7ms | ActiveRecord: 0.2ms)


